<?xml version="1.0" encoding="UTF-8"?>
<testsuite xmlns:xsi="http://www.w3.org/2001/XMLSchema-instance" xsi:noNamespaceSchemaLocation="https://maven.apache.org/surefire/maven-surefire-plugin/xsd/surefire-test-report.xsd" name="testJPA" time="0.039" tests="1" errors="1" skipped="0" failures="0">
  <properties>
[...]
</properties>
  <testcase name="testJPA" classname="testJPA" time="0.032">
    <error message="No Persistence provider for EntityManager named poolResource" type="javax.persistence.PersistenceException">javax.persistence.PersistenceException: No Persistence provider for EntityManager named poolResource
	at testJPA.testJPA(testJPA.java:49)
</error>
    <system-err><![CDATA[Nov 13, 2022 7:38:37 PM javax.persistence.spi.PersistenceProviderResolverHolder$DefaultPersistenceProviderResolver log
WARNING: javax.persistence.spi::No valid providers found.
]]></system-err>
  </testcase>
</testsuite>